#
# There is insufficient memory for the Java Runtime Environment to continue.
# Native memory allocation (malloc) failed to allocate 1048576 bytes for AllocateHeap
# Possible reasons:
#   The system is out of physical RAM or swap space
#   In 32 bit mode, the process size limit was hit
# Possible solutions:
#   Reduce memory load on the system
#   Increase physical memory or swap space
#   Check if swap backing store is full
#   Use 64 bit Java on a 64 bit OS
#   Decrease Java heap size (-Xmx/-Xms)
#   Decrease number of Java threads
#   Decrease Java thread stack sizes (-Xss)
#   Set larger code cache with -XX:ReservedCodeCacheSize=
# This output file may be truncated or incomplete.
#
#  Out of Memory Error (memory/allocation.inline.hpp:61), pid=4936, tid=0x0000000000002140
#
# JRE version:  (8.0_92-b14) (build )
# Java VM: Java HotSpot(TM) 64-Bit Server VM (25.92-b14 mixed mode windows-amd64 compressed oops)
# Failed to write core dump. Minidumps are not enabled by default on client versions of Windows
#

---------------  T H R E A D  ---------------

Current thread (0x00000000023de000):  JavaThread "Unknown thread" [_thread_in_vm, id=8512, stack(0x00000000021f0000,0x00000000022f0000)]

Stack: [0x00000000021f0000,0x00000000022f0000]
[error occurred during error reporting (printing stack bounds), id 0xc0000005]

Native frames: (J=compiled Java code, j=interpreted, Vv=VM code, C=native code)


---------------  P R O C E S S  ---------------

Java Threads: ( => current thread )

Other Threads:

=>0x00000000023de000 (exited) JavaThread "Unknown thread" [_thread_in_vm, id=8512, stack(0x00000000021f0000,0x00000000022f0000)]

VM state:not at safepoint (normal execution)

VM Mutex/Monitor currently owned by a thread: None

Heap:
 PSYoungGen      total 38400K, used 665K [0x00000000d5f80000, 0x00000000d8a00000, 0x0000000100000000)
  eden space 33280K, 2% used [0x00000000d5f80000,0x00000000d6026670,0x00000000d8000000)
  from space 5120K, 0% used [0x00000000d8500000,0x00000000d8500000,0x00000000d8a00000)
  to   space 5120K, 0% used [0x00000000d8000000,0x00000000d8000000,0x00000000d8500000)
 ParOldGen       total 87552K, used 0K [0x0000000081e00000, 0x0000000087380000, 0x00000000d5f80000)
  object space 87552K, 0% used [0x0000000081e00000,0x0000000081e00000,0x0000000087380000)
 Metaspace       used 769K, capacity 4480K, committed 4480K, reserved 1056768K
  class space    used 75K, capacity 384K, committed 384K, reserved 1048576K

Card table byte_map: [0x00000000118a0000,0x0000000011ca0000] byte_map_base: 0x0000000011491000

Marking Bits: (ParMarkBitMap*) 0x00000000592964f0
 Begin Bits: [0x0000000012750000, 0x00000000146d8000)
 End Bits:   [0x00000000146d8000, 0x0000000016660000)

Polling page: 0x0000000000aa0000

CodeCache: size=245760Kb used=328Kb max_used=328Kb free=245431Kb
 bounds [0x00000000024e0000, 0x0000000002750000, 0x00000000114e0000]
 total_blobs=58 nmethods=0 adapters=38
 compilation: enabled

Compilation events (0 events):
No events

GC Heap History (0 events):
No events

Deoptimization events (0 events):
No events

Internal exceptions (0 events):
No events

Events (10 events):
Event: 0.040 loading class java/lang/Short
Event: 0.040 loading class java/lang/Short done
Event: 0.040 loading class java/lang/Integer
Event: 0.040 loading class java/lang/Integer done
Event: 0.040 loading class java/lang/Long
Event: 0.041 loading class java/lang/Long done
Event: 0.042 loading class java/lang/NullPointerException
Event: 0.042 loading class java/lang/NullPointerException done
Event: 0.042 loading class java/lang/ArithmeticException
Event: 0.042 loading class java/lang/ArithmeticException done


Dynamic libraries:
0x00007ff75cc60000 - 0x00007ff75cc97000 	C:\Program Files\Java\jdk1.8.0_92\bin\javaw.exe
0x00007ffada240000 - 0x00007ffada401000 	C:\Windows\SYSTEM32\ntdll.dll
0x00007ffada190000 - 0x00007ffada23d000 	C:\Windows\system32\KERNEL32.DLL
0x00007ffad7430000 - 0x00007ffad7618000 	C:\Windows\system32\KERNELBASE.dll
0x00007ffad98e0000 - 0x00007ffad9987000 	C:\Windows\system32\ADVAPI32.dll
0x00007ffad9e60000 - 0x00007ffad9efd000 	C:\Windows\system32\msvcrt.dll
0x00007ffad9420000 - 0x00007ffad947b000 	C:\Windows\system32\sechost.dll
0x00007ffad99d0000 - 0x00007ffad9aec000 	C:\Windows\system32\RPCRT4.dll
0x00007ffad9780000 - 0x00007ffad98d6000 	C:\Windows\system32\USER32.dll
0x00007ffad9cd0000 - 0x00007ffad9e56000 	C:\Windows\system32\GDI32.dll
0x00007ffac7420000 - 0x00007ffac7694000 	C:\Windows\WinSxS\amd64_microsoft.windows.common-controls_6595b64144ccf1df_6.0.10586.0_none_8c15ae12515e1c22\COMCTL32.dll
0x00007ffad9500000 - 0x00007ffad977d000 	C:\Windows\system32\combase.dll
0x00007ffad68f0000 - 0x00007ffad695a000 	C:\Windows\system32\bcryptPrimitives.dll
0x00007ffad9990000 - 0x00007ffad99cb000 	C:\Windows\system32\IMM32.DLL
0x00000000588c0000 - 0x0000000058992000 	C:\Program Files\Java\jdk1.8.0_92\jre\bin\msvcr100.dll
0x0000000058a80000 - 0x0000000059316000 	C:\Program Files\Java\jdk1.8.0_92\jre\bin\server\jvm.dll
0x00007ffad9480000 - 0x00007ffad9488000 	C:\Windows\system32\PSAPI.DLL
0x00007ffacccc0000 - 0x00007ffacccca000 	C:\Windows\SYSTEM32\VERSION.dll
0x00007ffad5010000 - 0x00007ffad5033000 	C:\Windows\SYSTEM32\WINMM.dll
0x00007ffac9f60000 - 0x00007ffac9f69000 	C:\Windows\SYSTEM32\WSOCK32.dll
0x00007ffad9af0000 - 0x00007ffad9b5b000 	C:\Windows\system32\WS2_32.dll
0x0000000002090000 - 0x00000000020bc000 	C:\Windows\SYSTEM32\WINMMBASE.dll
0x00007ffad6bc0000 - 0x00007ffad6c03000 	C:\Windows\system32\cfgmgr32.dll
0x0000000058a70000 - 0x0000000058a7f000 	C:\Program Files\Java\jdk1.8.0_92\jre\bin\verify.dll
0x0000000058a40000 - 0x0000000058a69000 	C:\Program Files\Java\jdk1.8.0_92\jre\bin\java.dll
0x0000000058a20000 - 0x0000000058a36000 	C:\Program Files\Java\jdk1.8.0_92\jre\bin\zip.dll

VM Arguments:
jvm_args: -Dfile.encoding=Cp1252 
java_command: service.titactoe
java_class_path (initial): C:\org.tictactoe\target\classes;C:\Users\bbdnet1466\.m2\repository\com\igormaznitsa\mind-map-model\1.2.0\mind-map-model-1.2.0.jar;C:\Users\bbdnet1466\.m2\repository\commons-io\commons-io\2.4\commons-io-2.4.jar;C:\Users\bbdnet1466\.m2\repository\commons-lang\commons-lang\2.6\commons-lang-2.6.jar;C:\Users\bbdnet1466\.m2\repository\com\igormaznitsa\mind-map-swing-panel\1.2.0\mind-map-swing-panel-1.2.0.jar;C:\Users\bbdnet1466\.m2\repository\com\igormaznitsa\commons-version\1.0.0\commons-version-1.0.0.jar;C:\Users\bbdnet1466\.m2\repository\com\grack\nanojson\1.0\nanojson-1.0.jar;C:\Users\bbdnet1466\.m2\repository\com\igormaznitsa\meta-annotations\1.1.2\meta-annotations-1.1.2.jar;C:\Users\bbdnet1466\.m2\repository\com\igormaznitsa\meta-utils\1.1.2\meta-utils-1.1.2.jar
Launcher Type: SUN_STANDARD

Environment Variables:
JAVA_HOME=C:\Program Files\Java\jdk1.8.0_92
PATH=C:/Program Files/Java/jdk1.8.0_92/bin/../jre/bin/server;C:/Program Files/Java/jdk1.8.0_92/bin/../jre/bin;C:/Program Files/Java/jdk1.8.0_92/bin/../jre/lib/amd64;C:\Program Files\Java\jdk1.8.0_92\bin;C:\Program Files (x86)\Intel\iCLS Client\;C:\Program Files\Intel\iCLS Client\;C:\Windows\system32;C:\Windows;C:\Windows\System32\Wbem;C:\Windows\System32\WindowsPowerShell\v1.0\;C:\Program Files (x86)\AMD\ATI.ACE\Core-Static;C:\Program Files\Intel\Intel(R) Management Engine Components\DAL;C:\Program Files\Intel\Intel(R) Management Engine Components\IPT;C:\Program Files (x86)\Intel\Intel(R) Management Engine Components\DAL;C:\Program Files (x86)\Intel\Intel(R) Management Engine Components\IPT;C:\Program Files (x86)\Common Files\lenovo\easyplussdk\bin;C:\maven\bin;;C:\Program Files (x86)\Microsoft VS Code\bin;C:\Users\bbdnet1466\Desktop\apps;
USERNAME=bbdnet1466
OS=Windows_NT
PROCESSOR_IDENTIFIER=Intel64 Family 6 Model 58 Stepping 9, GenuineIntel



---------------  S Y S T E M  ---------------

OS: Windows 10.0 , 64 bit Build 10586 (10.0.10586.0)

CPU:total 8 (4 cores per cpu, 2 threads per core) family 6 model 58 stepping 9, cmov, cx8, fxsr, mmx, sse, sse2, sse3, ssse3, sse4.1, sse4.2, popcnt, avx, aes, clmul, erms, ht, tsc, tscinvbit, tscinv

Memory: 4k page, physical 8260904k(4224772k free), swap 10025008k(4200k free)

vm_info: Java HotSpot(TM) 64-Bit Server VM (25.92-b14) for windows-amd64 JRE (1.8.0_92-b14), built on Mar 31 2016 21:03:04 by "java_re" with MS VC++ 10.0 (VS2010)

time: Thu Oct 20 12:35:47 2016
elapsed time: 0 seconds (0d 0h 0m 0s)

